# JRE version: OpenJDK Runtime Environment (11.0.10) (build 11.0.10+0-b96-7249189)
# Java VM: OpenJDK 64-Bit Server VM (11.0.10+0-b96-7249189, mixed mode, tiered, compressed oops, g1 gc, windows-amd64)
Heap:
 garbage-first heap   total 312320K, used 113923K [0x0000000702000000, 0x0000000800000000)
  region size 1024K, 68 young (69632K), 8 survivors (8192K)
 Metaspace       used 52299K, capacity 52915K, committed 53072K, reserved 1095680K
  class space    used 5901K, capacity 6130K, committed 6228K, reserved 1048576K
GC Heap History (12 events):
Event: 1.342 GC heap before
{Heap before GC invocations=0 (full 0):
 garbage-first heap   total 260096K, used 17408K [0x0000000702000000, 0x0000000800000000)
  region size 1024K, 14 young (14336K), 0 survivors (0K)
 Metaspace       used 9598K, capacity 9679K, committed 9856K, reserved 1058816K
  class space    used 812K, capacity 820K, committed 896K, reserved 1048576K
}
Event: 1.348 GC heap after
{Heap after GC invocations=1 (full 0):
 garbage-first heap   total 260096K, used 5296K [0x0000000702000000, 0x0000000800000000)
  region size 1024K, 2 young (2048K), 2 survivors (2048K)
 Metaspace       used 9598K, capacity 9679K, committed 9856K, reserved 1058816K
  class space    used 812K, capacity 820K, committed 896K, reserved 1048576K
}
Event: 3.864 GC heap before
{Heap before GC invocations=1 (full 0):
 garbage-first heap   total 260096K, used 59568K [0x0000000702000000, 0x0000000800000000)
  region size 1024K, 56 young (57344K), 2 survivors (2048K)
 Metaspace       used 21018K, capacity 21212K, committed 21248K, reserved 1069056K
  class space    used 2215K, capacity 2278K, committed 2304K, reserved 1048576K
}
Event: 3.899 GC heap after
{Heap after GC invocations=2 (full 0):
 garbage-first heap   total 260096K, used 9727K [0x0000000702000000, 0x0000000800000000)
  region size 1024K, 7 young (7168K), 7 survivors (7168K)
 Metaspace       used 21018K, capacity 21212K, committed 21248K, reserved 1069056K
  class space    used 2215K, capacity 2278K, committed 2304K, reserved 1048576K
}
Event: 6.595 GC heap before
{Heap before GC invocations=3 (full 0):
 garbage-first heap   total 260096K, used 77311K [0x0000000702000000, 0x0000000800000000)
  region size 1024K, 61 young (62464K), 7 survivors (7168K)
 Metaspace       used 30833K, capacity 31243K, committed 31484K, reserved 1077248K
  class space    used 3586K, capacity 3759K, committed 3840K, reserved 1048576K
}
Event: 6.624 GC heap after
{Heap after GC invocations=4 (full 0):
 garbage-first heap   total 260096K, used 25027K [0x0000000702000000, 0x0000000800000000)
  region size 1024K, 7 young (7168K), 7 survivors (7168K)
 Metaspace       used 30833K, capacity 31243K, committed 31484K, reserved 1077248K
  class space    used 3586K, capacity 3759K, committed 3840K, reserved 1048576K
}
Event: 7.593 GC heap before
{Heap before GC invocations=4 (full 0):
 garbage-first heap   total 260096K, used 60867K [0x0000000702000000, 0x0000000800000000)
  region size 1024K, 43 young (44032K), 7 survivors (7168K)
 Metaspace       used 35494K, capacity 35903K, committed 36048K, reserved 1081344K
  class space    used 4319K, capacity 4502K, committed 4564K, reserved 1048576K
}
Event: 7.632 GC heap after
{Heap after GC invocations=5 (full 0):
 garbage-first heap   total 260096K, used 29839K [0x0000000702000000, 0x0000000800000000)
  region size 1024K, 5 young (5120K), 5 survivors (5120K)
 Metaspace       used 35494K, capacity 35903K, committed 36048K, reserved 1081344K
  class space    used 4319K, capacity 4502K, committed 4564K, reserved 1048576K
}
Event: 10.324 GC heap before
{Heap before GC invocations=6 (full 0):
 garbage-first heap   total 260096K, used 87183K [0x0000000702000000, 0x0000000800000000)
  region size 1024K, 61 young (62464K), 5 survivors (5120K)
 Metaspace       used 43423K, capacity 43830K, committed 44240K, reserved 1087488K
  class space    used 5030K, capacity 5195K, committed 5332K, reserved 1048576K
}
Event: 10.352 GC heap after
{Heap after GC invocations=7 (full 0):
 garbage-first heap   total 260096K, used 38912K [0x0000000702000000, 0x0000000800000000)
  region size 1024K, 8 young (8192K), 8 survivors (8192K)
 Metaspace       used 43423K, capacity 43830K, committed 44240K, reserved 1087488K
  class space    used 5030K, capacity 5195K, committed 5332K, reserved 1048576K
}
Event: 11.654 GC heap before
{Heap before GC invocations=8 (full 0):
 garbage-first heap   total 260096K, used 92160K [0x0000000702000000, 0x0000000800000000)
  region size 1024K, 59 young (60416K), 8 survivors (8192K)
 Metaspace       used 47006K, capacity 47543K, committed 47696K, reserved 1091584K
  class space    used 5429K, capacity 5617K, committed 5716K, reserved 1048576K
}
Event: 11.683 GC heap after
{Heap after GC invocations=9 (full 0):
 garbage-first heap   total 312320K, used 51459K [0x0000000702000000, 0x0000000800000000)
  region size 1024K, 8 young (8192K), 8 survivors (8192K)
 Metaspace       used 47006K, capacity 47543K, committed 47696K, reserved 1091584K
  class space    used 5429K, capacity 5617K, committed 5716K, reserved 1048576K
}

